s : 120
t : 68
from : 6
came : 1
palace : 13
call : 1
folk : 1
which : 1
a : 176
of : 29
can : 2
you : 27
country : 1
d : 40
in : 27
ve : 4
To : 1
Sultan : 12
embrace : 1
rushed : 1
Halima : 6
A : 55
old : 5
it : 19
on : 17
land : 3
earth : 1
floated : 1
gently : 1
I : 27
his : 34
he : 58
kingdom : 2
over : 4
rose : 1
finger : 5
genie : 20
replied : 2
Sir : 2
flash : 3
fast : 1
own : 4
our : 2
back : 7
m : 68
wife : 4
Take : 3
lamp : 21
rub : 6
far : 3
when : 4
pair : 2
ever : 3
hope : 2
lost : 2
had : 21
Every : 3
last : 3
could : 5
for : 22
repeating : 1
kept : 3
Chamberlain : 3
jealous : 1
The : 16
happened : 3
what : 7
called : 3
has : 3
wise : 1
even : 1
not : 6
we : 2
where : 3
knew : 4
Nobody : 2
vanished : 2
law : 2
with : 14
His : 3
worry : 2
ill : 1
wa : 22
but : 5
will : 1
brought : 2
glanced : 1
father : 1
princess : 5
return : 1
Can : 1
other : 1
each : 1
hugged : 1
happy : 2
normal : 1
went : 5
him : 12
enabled : 1
found : 4
wizard : 12
how : 1
who : 2
reassured : 1
right : 1
is : 3
Don : 2
Who : 1
go : 7
What : 1
fear : 1
clutched : 1
nodded : 1
pleasure : 1
grinned : 1
be : 17
never : 5
ll : 4
chains : 1
wicked : 1
put : 2
First : 1
command : 3
by : 5
have : 2
well : 2
just : 1
certainly : 1
glad : 1
Welcome : 2
long : 1
leave : 1
Why : 1
exclaimed : 2
Master : 1
pillow : 1
underneath : 1
peering : 1
enemy : 1
gazed : 1
otherwise : 1
How : 4
But : 2
now : 4
low : 1
high : 1
hunted : 1
fell : 1
effect : 1
quickly : 3
powder : 2
Trust : 1
let : 2
Ssh : 1
Psst : 2
the : 89
curtain : 1
peeping : 1
or : 2
hidden : 1
place : 2
to : 50
round : 4
twisted : 2
ring : 4
Slipping : 1
remembered : 1
wept : 1
Only : 2
end : 1
wits : 1
were : 2
unknown : 1
possessions : 1
whisked : 1
new : 2
exchange : 1
gave : 1
tuck : 1
oil : 3
fetched : 1
bargain : 1
give : 1
Now : 3
balcony : 1
Old : 1
window : 1
until : 1
wild : 3
like : 4
wealth : 2
News : 1
power : 2
rich : 1
find : 2
especially : 1
celebrations : 1
great : 3
tbok : 1
wedding : 1
obstacle : 1
built : 1
home : 6
build : 1
hlm : 1
get : 2
greed : 1
pondered : 1
live : 1
wlll : 1
Where : 2
question : 2
broke : 1
envious : 1
bridegroom : 1
Just : 2
exist : 1
imagined : 1
He : 5
taken : 1
next : 2
thls : 1
When : 2
escort : 2
gems : 2
carrying : 1
For : 2
time : 2
three : 1
hand : 6
clapped : 2
required : 1
than : 1
harder : 1
up : 3
picked : 1
news : 1
however : 1
this : 2
wonders : 1
worked : 1
treasure : 3
precious : 2
box : 1
bring : 4
eyed : 2
black : 2
eager : 1
idea : 1
This : 3
riches : 1
proof : 1
that : 6
widow : 5
come : 1
why : 2
learned : 1
big : 3
full : 2
casket : 1
persuaded : 1
easily : 2
Wait : 1
refuse : 1
enough : 1
glimpse : 1
fleeting : 1
caught : 1
through : 2
carried : 1
chair : 1
left : 2
One : 2
later : 1
ought : 1
felt : 1
tall : 1
grew : 1
everything : 2
granted : 1
fine : 1
clothes : 1
food : 1
wish : 1
From : 1
lovely : 1
cook : 1
yet : 1
having : 1
us : 1
Bring : 1
gulped : 1
Tell : 2
voice : 1
impatience : 1
hint : 1
wordlessly : 1
gaped : 1
boy : 3
orders : 1
respectfully : 1
bowed : 1
wishes : 1
obedient : 1
free : 2
prisoner : 1
centuries : 1
You : 1
cloud : 2
out : 5
Suddenly : 2
works : 1
Well : 1
Oh : 1
brow : 1
coin : 1
Excitedly : 1
eyes : 3
kitchen : 1
tightly : 1
though : 3
was : 10
want : 2
clasped : 1
light : 2
rosy : 1
flooded : 1
room : 1
putting : 1
trod : 1
would : 2
wondering : 1
pitch : 1
terrified : 1
cover : 2
bad : 1
Too : 1
first : 1
Let : 1
cautiously : 1
grab : 1
thrusting : 1
Hand : 1
impatiently : 1
urged : 1
Give : 1
entrance : 1
retraced : 1
Picking : 1
guard : 1
Perhaps : 1
wondered : 1
only : 2
Surprised : 1
flame : 1
Put : 1
behind : 1
believe : 1
Unable : 1
trove : 1
lay : 1
objects : 1
Thousands : 1
priceless : 1
caskets : 1
pots : 1
jewels : 1
glittering : 1
trees : 1
wonderful : 1
gloom : 1
used : 1
became : 1
flickering : 1
lit : 1
sparkle : 1
seemed : 1
chamber : 1
large : 1
himself : 1
steps : 1
some : 3
way : 2
carefully : 1
stone : 1
feet : 1
Slim : 1
very : 2
lift : 1
stranger : 2
reward : 1
squeeze : 1
going : 1
payment : 1
kind : 1
penny : 2
silver : 2
earn : 2
ordered : 1
Come : 1
unusual : 1
Aladdin : 4
turban : 1
sapphire : 1
splendid : 1
beard : 1
trim : 1
man : 1
dark : 1
dressed : 1
smartly : 1
mysterious : 1
met : 1
grove : 1
figs : 1
looking : 1
day : 1
places : 1
faraway : 1
bananas : 1
picking : 1
pennies : 1
did : 1
mouth : 1
lived : 1
poor : 1
They : 1
name : 1
whose : 1
son : 1
upon : 1
Once : 1
ALADDIN : 1
OF : 1
ADVENTURES : 1
THE : 1
